<?xml version="1.0" encoding="UTF-8"?>
<testng-results ignored="0" total="1" passed="1" failed="0" skipped="0">
  <reporter-output>
  </reporter-output>
  <suite started-at="2022-08-27T02:40:14 IST" name="Default suite" finished-at="2022-08-27T02:41:01 IST" duration-ms="46603">
    <groups>
    </groups>
    <test started-at="2022-08-27T02:40:14 IST" name="Default test" finished-at="2022-08-27T02:41:01 IST" duration-ms="46603">
      <class name="com.bazaar.shopclues.testscripts.Shopclues">
        <test-method is-config="true" signature="launchApp()[pri:0, instance:com.bazaar.shopclues.testscripts.Shopclues@7db12bb6]" started-at="2022-08-27T02:40:14 IST" name="launchApp" finished-at="2022-08-27T02:40:41 IST" duration-ms="26833" status="PASS">
          <reporter-output>
          </reporter-output>
        </test-method> <!-- launchApp -->
        <test-method signature="buyFirstItem()[pri:0, instance:com.bazaar.shopclues.testscripts.Shopclues@7db12bb6]" started-at="2022-08-27T02:40:41 IST" name="buyFirstItem" finished-at="2022-08-27T02:40:59 IST" duration-ms="17989" status="PASS">
          <reporter-output>
          </reporter-output>
        </test-method> <!-- buyFirstItem -->
        <test-method is-config="true" signature="closeBrowser()[pri:0, instance:com.bazaar.shopclues.testscripts.Shopclues@7db12bb6]" started-at="2022-08-27T02:40:59 IST" name="closeBrowser" finished-at="2022-08-27T02:41:01 IST" duration-ms="1695" status="PASS">
          <reporter-output>
          </reporter-output>
        </test-method> <!-- closeBrowser -->
      </class> <!-- com.bazaar.shopclues.testscripts.Shopclues -->
    </test> <!-- Default test -->
  </suite> <!-- Default suite -->
</testng-results>
